Oct 12, 2009

This is the svn log of jargon ('svn log --verbose') from the
extrods.googlecode.com repository done when moving jargon into the
irodssvn.ucsd.edu repository.  It seems that googlecode does not
support any way to get an svn dump so we could not directly move the
log entries-history into the new svn.  So I made this log file to have
some of the records.  This older edit history is also still available
from google-code.  The master copy is now in irodssvn.ucsd.edu, but
the old version is available via 'svn checkout
http://extrods.googlecode.com/svn/trunk/clients/jargon'.

 - Wayne -   



------------------------------------------------------------------------
r231 | iktome@diceresearch.org | 2009-07-30 14:47:24 -0700 (Thu, 30 Jul 2009) | 2 lines
Changed paths:
   M /trunk/clients/jargon/src/api/edu/sdsc/grid/io/srb/SRBCommands.java

source random access file only needs to be read only.

------------------------------------------------------------------------
r230 | iktome@diceresearch.org | 2009-07-13 17:02:23 -0700 (Mon, 13 Jul 2009) | 2 lines
Changed paths:
   M /trunk/clients/jargon/src/api/edu/sdsc/grid/io/irods/IRODSFile.java

improved efficiency of file and directory permissions

------------------------------------------------------------------------
r229 | iktome@diceresearch.org | 2009-07-13 17:00:01 -0700 (Mon, 13 Jul 2009) | 2 lines
Changed paths:
   M /trunk/clients/jargon/src/api/edu/sdsc/grid/io/FileFactory.java

added registration for https

------------------------------------------------------------------------
r228 | iktome@diceresearch.org | 2009-07-13 16:59:13 -0700 (Mon, 13 Jul 2009) | 4 lines
Changed paths:
   M /trunk/clients/jargon/src/api/edu/sdsc/grid/io/http/HTTPAccount.java
   M /trunk/clients/jargon/src/api/edu/sdsc/grid/io/http/HTTPFileSystem.java

New uri constructor, added underlying uri variable. as a bonus, may also 
support ftp, gopher, mailto, and file protocols now. (though probably 
poorly...)

------------------------------------------------------------------------
r218 | iktome@diceresearch.org | 2009-06-24 14:51:19 -0700 (Wed, 24 Jun 2009) | 2 lines
Changed paths:
   M /trunk/clients/jargon/src/api/edu/sdsc/grid/io/irods/IRODSFile.java
   M /trunk/clients/jargon/src/api/edu/sdsc/grid/io/irods/IRODSMetaDataSet.java

Fixed file/dir permission check to use highest available permission.

------------------------------------------------------------------------
r215 | iktome@diceresearch.org | 2009-06-08 14:00:39 -0700 (Mon, 08 Jun 2009) | 4 lines
Changed paths:
   M /trunk/clients/jargon/src/api/edu/sdsc/grid/io/srb/SRBFile.java

ACL inheritence bit modification without curator permissions. 
Use DIRECTORY_LINK_NUMBER, with value of "r" for recursive, in 
modifyMetaData()

------------------------------------------------------------------------
r210 | iktome@sdsc.edu | 2009-06-01 14:57:16 -0700 (Mon, 01 Jun 2009) | 2 lines
Changed paths:
   M /trunk/clients/jargon/src/api/edu/sdsc/grid/io/irods/IRODSCommands.java

Improved error handling for file creation and file open

------------------------------------------------------------------------
r209 | iktome@sdsc.edu | 2009-06-01 14:54:31 -0700 (Mon, 01 Jun 2009) | 5 lines
Changed paths:
   A /trunk/clients/jargon/src/api/edu/sdsc/grid/io/ftp/FTPFileInputStream.java
   A /trunk/clients/jargon/src/api/edu/sdsc/grid/io/ftp/FTPFileOutputStream.java

added FTP and GridFTP streaming classes. Which is awkward because 
they don't allow streaming. So they are actually buffered on the 
localsystem until close(). Which isn't great, but at least now it 
works in certain, rather unusual, File.copyTo() situations.

------------------------------------------------------------------------
r208 | iktome@sdsc.edu | 2009-06-01 14:50:43 -0700 (Mon, 01 Jun 2009) | 2 lines
Changed paths:
   M /trunk/clients/jargon/src/api/edu/sdsc/grid/io/ftp/FTPAccount.java
   M /trunk/clients/jargon/src/api/edu/sdsc/grid/io/ftp/FTPFile.java
   M /trunk/clients/jargon/src/api/edu/sdsc/grid/io/ftp/FTPFileSystem.java

Now also works with GridFTP

------------------------------------------------------------------------
r207 | iktome@sdsc.edu | 2009-06-01 14:49:30 -0700 (Mon, 01 Jun 2009) | 3 lines
Changed paths:
   M /trunk/clients/jargon/src/api/edu/sdsc/grid/io/GeneralFile.java

modified Jargon's default copy method to use file streams instead of 
randomaccessfile classes. (for the new ftp package changes)

------------------------------------------------------------------------
r206 | iktome@sdsc.edu | 2009-05-26 16:08:25 -0700 (Tue, 26 May 2009) | 3 lines
Changed paths:
   M /trunk/clients/jargon/src/api/edu/sdsc/grid/io/irods/IRODSCommands.java
   M /trunk/clients/jargon/src/api/edu/sdsc/grid/io/irods/IRODSFileSystem.java

force delete.
added method for execute proxy command on iRODS server

------------------------------------------------------------------------
r205 | iktome@sdsc.edu | 2009-05-26 16:07:20 -0700 (Tue, 26 May 2009) | 2 lines
Changed paths:
   M /trunk/clients/jargon/src/api/edu/sdsc/grid/io/irods/IRODSAccount.java

can specify alternate password file in the .irodsEnv

------------------------------------------------------------------------
r204 | iktome@sdsc.edu | 2009-05-26 16:03:23 -0700 (Tue, 26 May 2009) | 3 lines
Changed paths:
   M /trunk/clients/jargon/src/api/edu/sdsc/grid/io/irods/IRODSFile.java

changePermission() works with files in different zones, username#zonename
added delete(boolean force) for files and directories.

------------------------------------------------------------------------
r203 | iktome@sdsc.edu | 2009-05-15 16:54:02 -0700 (Fri, 15 May 2009) | 3 lines
Changed paths:
   M /trunk/clients/jargon/src/api/edu/sdsc/grid/io/irods/IRODSCommands.java

even more debugging
fix for the socket read()

------------------------------------------------------------------------
r202 | iktome@sdsc.edu | 2009-05-15 16:48:26 -0700 (Fri, 15 May 2009) | 2 lines
Changed paths:
   M /trunk/clients/jargon/src/api/edu/sdsc/grid/io/irods/Tag.java

fixed null exception when decoding

------------------------------------------------------------------------
r201 | iktome@sdsc.edu | 2009-05-13 12:14:55 -0700 (Wed, 13 May 2009) | 2 lines
Changed paths:
   M /trunk/clients/jargon/src/api/edu/sdsc/grid/io/irods/IRODSCommands.java

fixes for GSI and encoding

------------------------------------------------------------------------
r200 | iktome@sdsc.edu | 2009-05-13 12:13:42 -0700 (Wed, 13 May 2009) | 4 lines
Changed paths:
   M /trunk/clients/jargon/src/api/edu/sdsc/grid/io/irods/IRODSFile.java
   M /trunk/clients/jargon/src/api/edu/sdsc/grid/io/irods/IRODSFileSystem.java
   M /trunk/clients/jargon/src/api/edu/sdsc/grid/io/irods/IRODSMetaDataSet.java
   M /trunk/clients/jargon/src/api/edu/sdsc/grid/io/irods/IRODSRandomAccessFile.java
   M /trunk/clients/jargon/src/api/edu/sdsc/grid/io/irods/Rule.java

fixed comments, createNewFile() catches if directory 
exists and returns false, fixed GSI without username 
login, new user metadata attributes

------------------------------------------------------------------------
r199 | iktome@sdsc.edu | 2009-05-13 12:08:10 -0700 (Wed, 13 May 2009) | 2 lines
Changed paths:
   M /trunk/clients/jargon/src/api/edu/sdsc/grid/io/irods/Tag.java

decode/encode of & < > " ` in tag values

------------------------------------------------------------------------
r198 | iktome@sdsc.edu | 2009-05-13 11:57:59 -0700 (Wed, 13 May 2009) | 1 line
Changed paths:
   M /trunk/clients/jargon/src/api/edu/sdsc/grid/io/irods/IRODSException.java

new methods for getting only the socket error or irods table error
------------------------------------------------------------------------
r197 | iktome@sdsc.edu | 2009-05-13 11:56:22 -0700 (Wed, 13 May 2009) | 1 line
Changed paths:
   M /trunk/clients/jargon/src/api/edu/sdsc/grid/io/irods/IRODSRandomAccessFile.java

removed the extra permissions check at construction
------------------------------------------------------------------------
r196 | iktome@sdsc.edu | 2009-05-04 19:10:34 -0700 (Mon, 04 May 2009) | 2 lines
Changed paths:
   M /trunk/clients/jargon/src/api/edu/sdsc/grid/io/irods/IRODSCommands.java

improved handling of certain protocol failures

------------------------------------------------------------------------
r195 | iktome@sdsc.edu | 2009-05-04 18:46:37 -0700 (Mon, 04 May 2009) | 2 lines
Changed paths:
   M /trunk/clients/jargon/src/api/edu/sdsc/grid/io/irods/IRODSAccount.java

fix to login with only gsscredential, username is ""

------------------------------------------------------------------------
r194 | iktome@sdsc.edu | 2009-05-04 18:44:13 -0700 (Mon, 04 May 2009) | 2 lines
Changed paths:
   M /trunk/clients/jargon/build.xml

fixed javadocs

------------------------------------------------------------------------
r193 | iktome@sdsc.edu | 2009-05-04 18:42:06 -0700 (Mon, 04 May 2009) | 1 line
Changed paths:
   M /trunk/clients/jargon/README.txt


------------------------------------------------------------------------
r192 | iktome@sdsc.edu | 2009-05-04 11:47:31 -0700 (Mon, 04 May 2009) | 1 line
Changed paths:
   M /trunk/clients/jargon/src/test/IRODSMetaDataTest.java
   M /trunk/clients/jargon/src/test/MainTest.java
   M /trunk/clients/jargon/src/test/MoreTests.java

minor: cleaned up spacing and print statements
------------------------------------------------------------------------
r191 | iktome@sdsc.edu | 2009-05-04 11:40:13 -0700 (Mon, 04 May 2009) | 1 line
Changed paths:
   M /trunk/clients/jargon/src/test/MainTest.java

More uri examples
------------------------------------------------------------------------
r190 | iktome@sdsc.edu | 2009-04-30 17:37:21 -0700 (Thu, 30 Apr 2009) | 8 lines
Changed paths:
   M /trunk/clients/jargon/src/api/edu/sdsc/grid/io/GeneralFile.java
   M /trunk/clients/jargon/src/api/edu/sdsc/grid/io/http/HTTPFile.java
   M /trunk/clients/jargon/src/api/edu/sdsc/grid/io/http/HTTPFileInputStream.java
   M /trunk/clients/jargon/src/api/edu/sdsc/grid/io/http/HTTPRandomAccessFile.java
   M /trunk/clients/jargon/src/api/edu/sdsc/grid/io/irods/IRODSAccount.java
   M /trunk/clients/jargon/src/api/edu/sdsc/grid/io/irods/IRODSCommands.java
   M /trunk/clients/jargon/src/api/edu/sdsc/grid/io/irods/IRODSFileSystem.java
   M /trunk/clients/jargon/src/api/edu/sdsc/grid/io/irods/IRODSMetaDataSet.java
   M /trunk/clients/jargon/src/api/edu/sdsc/grid/io/irods/Rule.java

available and filepointer fix for streams, and the results of 
that change
simplified the references to irodsAccount
login with only a GSI credential, fix the account object 
afterwards
added DIRECTORY_USER_NAME/TYPE/ZONE/ACCESS_TYPE metadata
updated version to iRODS 2.0.1

------------------------------------------------------------------------
r183 | iktome@sdsc.edu | 2009-04-23 17:36:48 -0700 (Thu, 23 Apr 2009) | 2 lines
Changed paths:
   M /trunk/clients/jargon/src/api/edu/sdsc/grid/io/irods/IRODSCommands.java

improved internationalization

------------------------------------------------------------------------
r182 | iktome@sdsc.edu | 2009-04-22 12:51:47 -0700 (Wed, 22 Apr 2009) | 2 lines
Changed paths:
   M /trunk/clients/jargon/src/test/Scat.java

cleaned up, fixed out of memory error for large files

------------------------------------------------------------------------
r180 | iktome@sdsc.edu | 2009-04-22 11:49:48 -0700 (Wed, 22 Apr 2009) | 5 lines
Changed paths:
   M /trunk/clients/jargon/src/api/edu/sdsc/grid/io/irods/IRODSCommands.java
   M /trunk/clients/jargon/src/api/edu/sdsc/grid/io/irods/IRODSFileInputStream.java

1. fixed download of files over 1GB

2. At EOF, -1 (the bytes read) was getting subtracted from the 
filePointer.

------------------------------------------------------------------------
r179 | iktome@sdsc.edu | 2009-04-17 11:25:22 -0700 (Fri, 17 Apr 2009) | 2 lines
Changed paths:
   M /trunk/clients/jargon/src/api/edu/sdsc/grid/io/GeneralFile.java
   M /trunk/clients/jargon/src/api/edu/sdsc/grid/io/GeneralFileSystem.java
   M /trunk/clients/jargon/src/api/edu/sdsc/grid/io/irods/IRODSCommands.java
   M /trunk/clients/jargon/src/api/edu/sdsc/grid/io/srb/SRBCommands.java
   M /trunk/clients/jargon/src/api/edu/sdsc/grid/io/srb/SRBFileSystem.java

standardized the transfer buffer size across protocols

------------------------------------------------------------------------
r178 | iktome@sdsc.edu | 2009-04-16 17:54:37 -0700 (Thu, 16 Apr 2009) | 3 lines
Changed paths:
   M /trunk/clients/jargon/src/api/edu/sdsc/grid/io/irods/IRODSCommands.java

fix for threading/windows problem for iput. moved each thread's stream
close() until after all streams had completed their transfer.

------------------------------------------------------------------------
r177 | iktome@sdsc.edu | 2009-04-10 15:52:06 -0700 (Fri, 10 Apr 2009) | 2 lines
Changed paths:
   M /trunk/clients/jargon/src/test/CopyTest.java
   M /trunk/clients/jargon/src/test/MoreTests.java

improved tests

------------------------------------------------------------------------
r176 | iktome@sdsc.edu | 2009-04-08 11:53:45 -0700 (Wed, 08 Apr 2009) | 2 lines
Changed paths:
   M /trunk/clients/jargon/src/api/edu/sdsc/grid/io/GeneralFileOutputStream.java
   M /trunk/clients/jargon/src/api/edu/sdsc/grid/io/irods/IRODSCommands.java
   M /trunk/clients/jargon/src/api/edu/sdsc/grid/io/irods/IRODSFile.java
   M /trunk/clients/jargon/src/api/edu/sdsc/grid/io/irods/IRODSFileOutputStream.java
   M /trunk/clients/jargon/src/api/edu/sdsc/grid/io/srb/SRBFileOutputStream.java

imporvements to outputstream and resource variable usage in irods

------------------------------------------------------------------------
r171 | iktome@sdsc.edu | 2009-03-30 11:03:13 -0700 (Mon, 30 Mar 2009) | 5 lines
Changed paths:
   M /trunk/clients/jargon/src/api/edu/sdsc/grid/io/irods/IRODSCommands.java
   M /trunk/clients/jargon/src/api/edu/sdsc/grid/io/irods/Rule.java

protocol updates for after irods 201
explicit close of parallel transfer socket/streams, since testing has 
shown the garbage collector to be too slow.
Fix for rules which call client put.

------------------------------------------------------------------------
r170 | iktome@sdsc.edu | 2009-03-25 14:35:12 -0700 (Wed, 25 Mar 2009) | 2 lines
Changed paths:
   M /trunk/clients/jargon/src/api/edu/sdsc/grid/io/irods/IRODSCommands.java
   M /trunk/clients/jargon/src/api/edu/sdsc/grid/io/irods/IRODSFile.java
   M /trunk/clients/jargon/src/api/edu/sdsc/grid/io/irods/IRODSFileInputStream.java
   M /trunk/clients/jargon/src/api/edu/sdsc/grid/io/irods/IRODSFileOutputStream.java

finished parallel put

------------------------------------------------------------------------
r166 | iktome@sdsc.edu | 2009-03-18 17:49:32 -0700 (Wed, 18 Mar 2009) | 2 lines
Changed paths:
   M /trunk/clients/jargon/src/api/edu/sdsc/grid/io/irods/IRODSCommands.java

weird characters commited?

------------------------------------------------------------------------
r165 | iktome@sdsc.edu | 2009-03-18 17:45:21 -0700 (Wed, 18 Mar 2009) | 4 lines
Changed paths:
   M /trunk/clients/jargon/src/api/edu/sdsc/grid/io/GeneralFileSystem.java
   A /trunk/clients/jargon/src/api/edu/sdsc/grid/io/Namespace.java
   M /trunk/clients/jargon/src/api/edu/sdsc/grid/io/irods/IRODSCommands.java
   M /trunk/clients/jargon/src/api/edu/sdsc/grid/io/irods/IRODSFile.java
   M /trunk/clients/jargon/src/api/edu/sdsc/grid/io/irods/IRODSFileSystem.java

improved documentation for queries
added Namespace class and related so queries for iRODS AVUs are available 
for files, collections, users, and resources.

------------------------------------------------------------------------
r164 | iktome@sdsc.edu | 2009-03-18 11:59:38 -0700 (Wed, 18 Mar 2009) | 2 lines
Changed paths:
   M /trunk/clients/jargon/src/api/edu/sdsc/grid/io/irods/IRODSCommands.java
   M /trunk/clients/jargon/src/api/edu/sdsc/grid/io/irods/IRODSFile.java

bug fix, file permissions and deleting metadata

------------------------------------------------------------------------
r163 | iktome@sdsc.edu | 2009-03-17 18:19:47 -0700 (Tue, 17 Mar 2009) | 3 lines
Changed paths:
   M /trunk/clients/jargon/src/api/edu/sdsc/grid/io/irods/IRODSCommands.java
   M /trunk/clients/jargon/src/api/edu/sdsc/grid/io/irods/IRODSFile.java
   M /trunk/clients/jargon/src/api/edu/sdsc/grid/io/irods/IRODSMetaDataSet.java

fixed and updated metadata from latest irods release.
fixed some bugs

------------------------------------------------------------------------
r162 | iktome@sdsc.edu | 2009-03-16 16:08:49 -0700 (Mon, 16 Mar 2009) | 3 lines
Changed paths:
   M /trunk/clients/jargon/src/api/edu/sdsc/grid/io/GeneralFile.java
   M /trunk/clients/jargon/src/api/edu/sdsc/grid/io/GeneralFileSystem.java
   M /trunk/clients/jargon/src/api/edu/sdsc/grid/io/irods/IRODSCommands.java
   M /trunk/clients/jargon/src/api/edu/sdsc/grid/io/irods/IRODSFile.java
   M /trunk/clients/jargon/src/api/edu/sdsc/grid/io/local/LocalFile.java
   M /trunk/clients/jargon/src/api/edu/sdsc/grid/io/srb/SRBFile.java

bug fix to renameTo
also, clone() in GeneralFileSystem

------------------------------------------------------------------------
r161 | iktome@sdsc.edu | 2009-03-12 18:04:29 -0700 (Thu, 12 Mar 2009) | 2 lines
Changed paths:
   M /trunk/clients/jargon/src/test/CopyTest.java
   M /trunk/clients/jargon/src/test/IRODSMetaDataTest.java
   M /trunk/clients/jargon/src/test/MoreTests.java

various testing improvements

------------------------------------------------------------------------
r160 | iktome@sdsc.edu | 2009-03-12 18:02:28 -0700 (Thu, 12 Mar 2009) | 3 lines
Changed paths:
   M /trunk/clients/jargon/src/api/edu/sdsc/grid/io/GeneralFile.java

public String checksum( Checksum type )
  to allow md5sum checksums

------------------------------------------------------------------------
r159 | iktome@sdsc.edu | 2009-03-12 17:59:38 -0700 (Thu, 12 Mar 2009) | 10 lines
Changed paths:
   M /trunk/clients/jargon/src/api/edu/sdsc/grid/io/irods/IRODSCommands.java
   M /trunk/clients/jargon/src/api/edu/sdsc/grid/io/irods/IRODSFile.java

irods checksum MD5

modification date for collections

start of parallel put

small fix to parallel get

changes to allow resources set by the rules

------------------------------------------------------------------------
r158 | iktome@sdsc.edu | 2009-03-06 17:19:03 -0800 (Fri, 06 Mar 2009) | 2 lines
Changed paths:
   M /trunk/clients/jargon/src/api/edu/sdsc/grid/io/irods/IRODSFile.java

allow inherit permission

------------------------------------------------------------------------
r157 | iktome@sdsc.edu | 2009-03-05 15:00:35 -0800 (Thu, 05 Mar 2009) | 2 lines
Changed paths:
   M /trunk/clients/jargon/src/api/edu/sdsc/grid/io/irods/IRODSMetaDataSet.java

oops, typo

------------------------------------------------------------------------
r156 | iktome@sdsc.edu | 2009-03-05 14:20:39 -0800 (Thu, 05 Mar 2009) | 2 lines
Changed paths:
   M /trunk/clients/jargon/src/api/edu/sdsc/grid/io/DirectoryMetaData.java
   M /trunk/clients/jargon/src/api/edu/sdsc/grid/io/irods/IRODSMetaDataSet.java
   M /trunk/clients/jargon/src/api/edu/sdsc/grid/io/srb/SRBMetaDataSet.java

Added metadata for directory permissions, DIRECTORY_ACCESS_CONSTRAINT

------------------------------------------------------------------------
r155 | iktome@sdsc.edu | 2009-03-04 16:26:30 -0800 (Wed, 04 Mar 2009) | 2 lines
Changed paths:
   M /trunk/clients/jargon/src/api/edu/sdsc/grid/io/MetaDataRecordList.java
   M /trunk/clients/jargon/src/api/edu/sdsc/grid/io/irods/IRODSCommands.java

minor bug fixes, to return results

------------------------------------------------------------------------
r154 | iktome@sdsc.edu | 2009-03-04 16:21:20 -0800 (Wed, 04 Mar 2009) | 2 lines
Changed paths:
   M /trunk/clients/jargon/src/test/CopyTest.java
   D /trunk/clients/jargon/src/test/FactoryTest.java
   A /trunk/clients/jargon/src/test/MainTest.java
   M /trunk/clients/jargon/src/test/MoreTests.java
   M /trunk/clients/jargon/src/test/Test.java
   M /trunk/clients/jargon/src/test/iadmin.java

improved testing, especially relating to copytest

------------------------------------------------------------------------
r153 | iktome@sdsc.edu | 2009-03-03 16:24:44 -0800 (Tue, 03 Mar 2009) | 3 lines
Changed paths:
   M /trunk/clients/jargon/src/api/edu/sdsc/grid/io/GeneralFile.java
   M /trunk/clients/jargon/src/api/edu/sdsc/grid/io/irods/IRODSCommands.java
   M /trunk/clients/jargon/src/api/edu/sdsc/grid/io/irods/IRODSFile.java
   M /trunk/clients/jargon/src/api/edu/sdsc/grid/io/irods/Rule.java

parallel get
fixed multithreading of the same irods connection (so to allow it)

------------------------------------------------------------------------
r152 | iktome@sdsc.edu | 2009-03-02 10:16:54 -0800 (Mon, 02 Mar 2009) | 2 lines
Changed paths:
   M /trunk/clients/jargon/src/test/Srm.java

removed incorrect cast to SRBFile

------------------------------------------------------------------------
r151 | iktome@sdsc.edu | 2009-02-23 18:15:44 -0800 (Mon, 23 Feb 2009) | 2 lines
Changed paths:
   M /trunk/clients/jargon/src/api/edu/sdsc/grid/io/MetaDataRecordList.java
   M /trunk/clients/jargon/src/api/edu/sdsc/grid/io/MetaDataSet.java
   M /trunk/clients/jargon/src/api/edu/sdsc/grid/io/irods/IRODSCommands.java
   M /trunk/clients/jargon/src/api/edu/sdsc/grid/io/irods/IRODSFile.java
   M /trunk/clients/jargon/src/api/edu/sdsc/grid/io/irods/IRODSMetaDataRecordList.java
   M /trunk/clients/jargon/src/api/edu/sdsc/grid/io/irods/Tag.java

query and protocol optimizaion

------------------------------------------------------------------------
r150 | iktome@sdsc.edu | 2009-02-20 17:34:19 -0800 (Fri, 20 Feb 2009) | 2 lines
Changed paths:
   M /trunk/clients/jargon/src/api/edu/sdsc/grid/io/irods/IRODSCommands.java
   M /trunk/clients/jargon/src/api/edu/sdsc/grid/io/irods/IRODSMetaDataRecordList.java
   M /trunk/clients/jargon/src/api/edu/sdsc/grid/io/irods/Tag.java

improving efficiency

------------------------------------------------------------------------
r149 | iktome@sdsc.edu | 2009-02-20 17:30:51 -0800 (Fri, 20 Feb 2009) | 2 lines
Changed paths:
   M /trunk/clients/jargon/src/api/edu/sdsc/grid/io/FileMetaData.java
   M /trunk/clients/jargon/src/api/edu/sdsc/grid/io/GeneralFile.java
   M /trunk/clients/jargon/src/api/edu/sdsc/grid/io/GeneralMetaData.java

mostly documentation

------------------------------------------------------------------------
r148 | iktome@sdsc.edu | 2009-02-20 14:42:59 -0800 (Fri, 20 Feb 2009) | 2 lines
Changed paths:
   M /trunk/clients/jargon/src/test/GSITest.java

documented GSSCredential

------------------------------------------------------------------------
r147 | iktome@sdsc.edu | 2009-02-19 11:50:16 -0800 (Thu, 19 Feb 2009) | 2 lines
Changed paths:
   M /trunk/clients/jargon/src/api/edu/sdsc/grid/io/irods/GSIAuth.java
   M /trunk/clients/jargon/src/api/edu/sdsc/grid/io/irods/IRODSAccount.java
   M /trunk/clients/jargon/src/api/edu/sdsc/grid/io/irods/IRODSAdmin.java
   M /trunk/clients/jargon/src/api/edu/sdsc/grid/io/irods/IRODSFile.java
   M /trunk/clients/jargon/src/api/edu/sdsc/grid/io/irods/IRODSMetaDataRecordList.java

fixed places in the documentation that said SRB instead of iRODS

------------------------------------------------------------------------
r146 | iktome@sdsc.edu | 2009-02-19 11:39:43 -0800 (Thu, 19 Feb 2009) | 2 lines
Changed paths:
   M /trunk/clients/jargon/src/api/edu/sdsc/grid/io/irods/IRODSAccount.java

bug fix for setCertificateAuthority

------------------------------------------------------------------------
r145 | iktome@sdsc.edu | 2009-02-12 16:23:28 -0800 (Thu, 12 Feb 2009) | 3 lines
Changed paths:
   M /trunk/clients/jargon/src/api/edu/sdsc/grid/io/irods/IRODSFile.java
   M /trunk/clients/jargon/src/api/edu/sdsc/grid/io/irods/IRODSMetaDataSet.java

new metadata items for AVU
fix bug, error catching in modifyMetaData

------------------------------------------------------------------------
r144 | iktome@sdsc.edu | 2009-02-12 16:06:20 -0800 (Thu, 12 Feb 2009) | 2 lines
Changed paths:
   M /trunk/clients/jargon/src/test/GSITest.java
   A /trunk/clients/jargon/src/test/IRODSMetaDataTest.java
   M /trunk/clients/jargon/src/test/MetaDataTest.java
   M /trunk/clients/jargon/src/test/MoreTests.java

various improvements to the testing and examples

------------------------------------------------------------------------
r139 | iktome@sdsc.edu | 2009-02-10 16:08:25 -0800 (Tue, 10 Feb 2009) | 4 lines
Changed paths:
   M /trunk/clients/jargon/src/api/edu/sdsc/grid/io/irods/IRODSCommands.java
   M /trunk/clients/jargon/src/api/edu/sdsc/grid/io/irods/IRODSFile.java
   M /trunk/clients/jargon/src/api/edu/sdsc/grid/io/irods/IRODSMetaDataSet.java

delete replica
reorganized a bit
Added access permission and rule metadata attributes

------------------------------------------------------------------------
r136 | iktome@sdsc.edu | 2009-01-30 15:07:45 -0800 (Fri, 30 Jan 2009) | 4 lines
Changed paths:
   M /trunk/clients/jargon/src/api/edu/sdsc/grid/io/irods/IRODSCommands.java
   M /trunk/clients/jargon/src/api/edu/sdsc/grid/io/irods/IRODSFileInputStream.java
   M /trunk/clients/jargon/src/api/edu/sdsc/grid/io/irods/Rule.java

changes so rules can put files from the client.
bug fixes to protocol errors
supported read() in fileinputstream for legacy software

------------------------------------------------------------------------
r135 | iktome@sdsc.edu | 2009-01-27 17:06:58 -0800 (Tue, 27 Jan 2009) | 3 lines
Changed paths:
   M /trunk/clients/jargon/src/api/edu/sdsc/grid/io/GeneralFileOutputStream.java
   M /trunk/clients/jargon/src/api/edu/sdsc/grid/io/irods/IRODSFileInputStream.java
   M /trunk/clients/jargon/src/api/edu/sdsc/grid/io/srb/SRBFileInputStream.java

allowing single byte read() write()  for legacy software. however use of 
those methods is inadvisable due to complications of network latency.

------------------------------------------------------------------------
r134 | iktome@sdsc.edu | 2009-01-27 14:46:02 -0800 (Tue, 27 Jan 2009) | 3 lines
Changed paths:
   M /trunk/clients/jargon/src/api/edu/sdsc/grid/io/MetaDataField.java
   M /trunk/clients/jargon/src/api/edu/sdsc/grid/io/MetaDataSelect.java
   M /trunk/clients/jargon/src/api/edu/sdsc/grid/io/MetaDataSet.java
   M /trunk/clients/jargon/src/api/edu/sdsc/grid/io/irods/IRODSCommands.java
   M /trunk/clients/jargon/src/api/edu/sdsc/grid/io/irods/IRODSFile.java
   M /trunk/clients/jargon/src/api/edu/sdsc/grid/io/irods/IRODSFileSystem.java
   M /trunk/clients/jargon/src/api/edu/sdsc/grid/io/irods/IRODSMetaDataSet.java
   M /trunk/clients/jargon/src/api/edu/sdsc/grid/io/irods/Rule.java

A number of changes to allow for Querying of iRODS AVUs (user definable 
metadata)

------------------------------------------------------------------------
r133 | iktome@sdsc.edu | 2009-01-16 16:05:38 -0800 (Fri, 16 Jan 2009) | 2 lines
Changed paths:
   M /trunk/clients/jargon/src/api/edu/sdsc/grid/io/irods/IRODSFile.java

added physical move

------------------------------------------------------------------------
r132 | iktome@sdsc.edu | 2009-01-16 16:04:58 -0800 (Fri, 16 Jan 2009) | 2 lines
Changed paths:
   M /trunk/clients/jargon/src/api/edu/sdsc/grid/io/irods/IRODSCommands.java

new server calls

------------------------------------------------------------------------
r131 | iktome@sdsc.edu | 2009-01-16 16:04:09 -0800 (Fri, 16 Jan 2009) | 2 lines
Changed paths:
   M /trunk/clients/jargon/src/api/edu/sdsc/grid/io/GeneralFile.java

new getPermissions method

------------------------------------------------------------------------
r130 | iktome@sdsc.edu | 2009-01-08 16:45:24 -0800 (Thu, 08 Jan 2009) | 2 lines
Changed paths:
   A /trunk/clients/jargon/src/test/iadmin.java

code example for using the admin api

------------------------------------------------------------------------
r129 | iktome@sdsc.edu | 2009-01-05 17:06:44 -0800 (Mon, 05 Jan 2009) | 2 lines
Changed paths:
   A /trunk/clients/jargon/icommands_to_Jargon.txt

list of Jargon functions for iRODS in comparison to icommands

------------------------------------------------------------------------
r128 | iktome@sdsc.edu | 2008-12-18 17:01:21 -0800 (Thu, 18 Dec 2008) | 2 lines
Changed paths:
   M /trunk/clients/jargon/src/api/edu/sdsc/grid/io/FileFactory.java
   M /trunk/clients/jargon/src/api/edu/sdsc/grid/io/irods/IRODSAccount.java
   M /trunk/clients/jargon/src/api/edu/sdsc/grid/io/irods/IRODSCommands.java
   M /trunk/clients/jargon/src/api/edu/sdsc/grid/io/irods/IRODSFile.java
   M /trunk/clients/jargon/src/api/edu/sdsc/grid/io/irods/Rule.java

metadata modifications, rule updates, GSi improvements, 

------------------------------------------------------------------------
r127 | iktome@sdsc.edu | 2008-12-11 17:25:22 -0800 (Thu, 11 Dec 2008) | 2 lines
Changed paths:
   M /trunk/clients/jargon/src/api/edu/sdsc/grid/io/irods/IRODSCommands.java
   M /trunk/clients/jargon/src/api/edu/sdsc/grid/io/irods/IRODSFile.java
   M /trunk/clients/jargon/src/api/edu/sdsc/grid/io/irods/IRODSFileSystem.java
   M /trunk/clients/jargon/src/api/edu/sdsc/grid/io/irods/Rule.java

can now get a file as part of a rule execution

------------------------------------------------------------------------
r125 | iktome@sdsc.edu | 2008-12-10 16:48:38 -0800 (Wed, 10 Dec 2008) | 2 lines
Changed paths:
   M /trunk/clients/jargon/src/api/edu/sdsc/grid/io/MetaDataSet.java
   M /trunk/clients/jargon/src/api/edu/sdsc/grid/io/irods/IRODSCommands.java
   M /trunk/clients/jargon/src/api/edu/sdsc/grid/io/srb/SRBFile.java

couple new metadata groups

------------------------------------------------------------------------
r124 | iktome@sdsc.edu | 2008-12-08 18:23:02 -0800 (Mon, 08 Dec 2008) | 2 lines
Changed paths:
   M /trunk/clients/jargon/src/api/edu/sdsc/grid/io/irods/IRODSCommands.java
   M /trunk/clients/jargon/src/api/edu/sdsc/grid/io/irods/IRODSFile.java
   M /trunk/clients/jargon/src/api/edu/sdsc/grid/io/irods/IRODSFileSystem.java
   M /trunk/clients/jargon/src/api/edu/sdsc/grid/io/irods/IRODSMetaDataSet.java

added ibun like method.  prepared for UD queries

------------------------------------------------------------------------
r123 | iktome@sdsc.edu | 2008-12-08 17:13:57 -0800 (Mon, 08 Dec 2008) | 2 lines
Changed paths:
   M /trunk/clients/jargon/src/test/GSITest.java

extra notes for irods

------------------------------------------------------------------------
r121 | iktome@sdsc.edu | 2008-11-13 12:40:47 -0800 (Thu, 13 Nov 2008) | 2 lines
Changed paths:
   A /trunk/clients/jargon/src/api/edu/sdsc/grid/io/irods/GSIAuth.java

gsi connect for irods

------------------------------------------------------------------------
r120 | iktome@sdsc.edu | 2008-11-05 13:16:51 -0800 (Wed, 05 Nov 2008) | 2 lines
Changed paths:
   M /trunk/clients/jargon/src/api/edu/sdsc/grid/io/irods/Domain.java
   M /trunk/clients/jargon/src/api/edu/sdsc/grid/io/irods/IRODSAccount.java
   M /trunk/clients/jargon/src/api/edu/sdsc/grid/io/irods/IRODSCommands.java
   M /trunk/clients/jargon/src/api/edu/sdsc/grid/io/irods/IRODSFileSystem.java
   M /trunk/clients/jargon/src/api/edu/sdsc/grid/io/irods/Method.java
   M /trunk/clients/jargon/src/api/edu/sdsc/grid/io/irods/Parameter.java
   M /trunk/clients/jargon/src/api/edu/sdsc/grid/io/irods/Resource.java
   M /trunk/clients/jargon/src/api/edu/sdsc/grid/io/irods/User.java

Added GSI, other minor changes.

------------------------------------------------------------------------
r119 | iktome@sdsc.edu | 2008-10-28 12:37:02 -0700 (Tue, 28 Oct 2008) | 2 lines
Changed paths:
   M /trunk/clients/jargon/src/api/edu/sdsc/grid/io/irods/IRODSAdmin.java
   M /trunk/clients/jargon/src/api/edu/sdsc/grid/io/irods/IRODSCommands.java

admin updates

------------------------------------------------------------------------
r118 | iktome@sdsc.edu | 2008-10-28 12:03:04 -0700 (Tue, 28 Oct 2008) | 2 lines
Changed paths:
   M /trunk/clients/jargon/src/api/edu/sdsc/grid/io/srb/SRBCommands.java
   M /trunk/clients/jargon/src/api/edu/sdsc/grid/io/srb/SRBFile.java
   M /trunk/clients/jargon/src/api/edu/sdsc/grid/io/srb/SRBFileSystem.java

bugfix for multiple parallel transfers.

------------------------------------------------------------------------
r117 | iktome@sdsc.edu | 2008-10-20 16:19:16 -0700 (Mon, 20 Oct 2008) | 2 lines
Changed paths:
   M /trunk/clients/jargon/src/api/edu/sdsc/grid/io/FileFactory.java
   M /trunk/clients/jargon/src/api/edu/sdsc/grid/io/local/LocalAccount.java
   M /trunk/clients/jargon/src/api/edu/sdsc/grid/io/srb/SRBAccount.java
   M /trunk/clients/jargon/src/api/edu/sdsc/grid/io/srb/SRBCommands.java

things that should've already been commited

------------------------------------------------------------------------
r116 | iktome@sdsc.edu | 2008-10-17 17:53:56 -0700 (Fri, 17 Oct 2008) | 2 lines
Changed paths:
   A /trunk/clients/jargon/src/api/edu/sdsc/grid/io/irods/Domain.java
   A /trunk/clients/jargon/src/api/edu/sdsc/grid/io/irods/IRODSAdmin.java
   M /trunk/clients/jargon/src/api/edu/sdsc/grid/io/irods/IRODSCommands.java
   M /trunk/clients/jargon/src/api/edu/sdsc/grid/io/irods/IRODSFileSystem.java
   A /trunk/clients/jargon/src/api/edu/sdsc/grid/io/irods/Resource.java
   A /trunk/clients/jargon/src/api/edu/sdsc/grid/io/irods/User.java

new admin tools

------------------------------------------------------------------------
r115 | iktome@sdsc.edu | 2008-10-16 14:28:26 -0700 (Thu, 16 Oct 2008) | 2 lines
Changed paths:
   M /trunk/clients/jargon/src/api/edu/sdsc/grid/io/Lucid.java

fixed the imports

------------------------------------------------------------------------
r114 | iktome@sdsc.edu | 2008-10-13 12:19:49 -0700 (Mon, 13 Oct 2008) | 2 lines
Changed paths:
   A /trunk/clients/jargon/src/api/edu/sdsc/grid/io/Lucid.java

TODO

------------------------------------------------------------------------
r113 | iktome@sdsc.edu | 2008-10-01 13:50:33 -0700 (Wed, 01 Oct 2008) | 2 lines
Changed paths:
   M /trunk/clients/jargon/src/api/edu/sdsc/grid/io/irods/Method.java
   M /trunk/clients/jargon/src/api/edu/sdsc/grid/io/irods/Parameter.java

shouldn't have been public yet

------------------------------------------------------------------------
r112 | iktome@sdsc.edu | 2008-10-01 11:54:29 -0700 (Wed, 01 Oct 2008) | 2 lines
Changed paths:
   M /trunk/clients/jargon/src/test/irule.java

improved comments

------------------------------------------------------------------------
r111 | iktome@sdsc.edu | 2008-09-30 17:32:12 -0700 (Tue, 30 Sep 2008) | 2 lines
Changed paths:
   A /trunk/clients/jargon/src/test/irule.java

irule example utility

------------------------------------------------------------------------
r110 | iktome@sdsc.edu | 2008-09-30 17:16:32 -0700 (Tue, 30 Sep 2008) | 2 lines
Changed paths:
   M /trunk/clients/jargon/src/api/edu/sdsc/grid/io/irods/IRODSCommands.java
   M /trunk/clients/jargon/src/api/edu/sdsc/grid/io/irods/IRODSFileSystem.java
   M /trunk/clients/jargon/src/api/edu/sdsc/grid/io/irods/Parameter.java
   M /trunk/clients/jargon/src/api/edu/sdsc/grid/io/irods/Rule.java

more improvesments for rules

------------------------------------------------------------------------
r109 | iktome@sdsc.edu | 2008-09-26 17:30:52 -0700 (Fri, 26 Sep 2008) | 2 lines
Changed paths:
   M /trunk/clients/jargon/src/api/edu/sdsc/grid/io/irods/IRODSAccount.java
   M /trunk/clients/jargon/src/api/edu/sdsc/grid/io/irods/IRODSCommands.java
   M /trunk/clients/jargon/src/api/edu/sdsc/grid/io/irods/IRODSException.java
   M /trunk/clients/jargon/src/api/edu/sdsc/grid/io/irods/IRODSFileSystem.java
   A /trunk/clients/jargon/src/api/edu/sdsc/grid/io/irods/Method.java
   A /trunk/clients/jargon/src/api/edu/sdsc/grid/io/irods/Parameter.java
   M /trunk/clients/jargon/src/api/edu/sdsc/grid/io/irods/Rule.java

Rules developments, and other things

------------------------------------------------------------------------
r104 | iktome@sdsc.edu | 2008-09-03 14:27:28 -0700 (Wed, 03 Sep 2008) | 4 lines
Changed paths:
   M /trunk/clients/jargon/src/api/edu/sdsc/grid/io/srb/SRBAccount.java
   M /trunk/clients/jargon/src/api/edu/sdsc/grid/io/srb/SRBCommands.java
   M /trunk/clients/jargon/src/api/edu/sdsc/grid/io/srb/SRBFile.java
   M /trunk/clients/jargon/src/api/edu/sdsc/grid/io/srb/SRBMetaDataSet.java

fixed problem with reading 1448 bytes
added ACL__INHERITENCE_BIT metadata
fix problem with zones in SRBAccount

------------------------------------------------------------------------
r66 | iktome@sdsc.edu | 2008-07-18 17:25:11 -0700 (Fri, 18 Jul 2008) | 2 lines
Changed paths:
   M /trunk/clients/jargon/src/api/edu/sdsc/grid/io/irods/IRODSCommands.java
   M /trunk/clients/jargon/src/api/edu/sdsc/grid/io/irods/IRODSRandomAccessFile.java

file streaming fixes. metadata modify. others...

------------------------------------------------------------------------
r65 | iktome@sdsc.edu | 2008-07-16 17:41:56 -0700 (Wed, 16 Jul 2008) | 2 lines
Changed paths:
   A /trunk/clients/jargon/lib/gsi-classes.jar

clearer if stored here

------------------------------------------------------------------------
r64 | iktome@sdsc.edu | 2008-07-16 17:02:13 -0700 (Wed, 16 Jul 2008) | 3 lines
Changed paths:
   M /trunk/clients/jargon/src/api/edu/sdsc/grid/io/irods/IRODSCommands.java
   M /trunk/clients/jargon/src/api/edu/sdsc/grid/io/irods/IRODSFile.java
   A /trunk/clients/jargon/src/api/edu/sdsc/grid/io/irods/Rule.java
   A /trunk/clients/jargon/src/api/edu/sdsc/grid/io/irods/Tag.java

modify metadata
also, somehow left out the Rule and Tag classes before

------------------------------------------------------------------------
r58 | iktome@sdsc.edu | 2008-07-02 17:15:24 -0700 (Wed, 02 Jul 2008) | 2 lines
Changed paths:
   M /trunk/clients/jargon/src/api/edu/sdsc/grid/io/irods/IRODSAccount.java

new version for irods d

------------------------------------------------------------------------
r39 | iktome@sdsc.edu | 2008-06-05 15:36:06 -0700 (Thu, 05 Jun 2008) | 2 lines
Changed paths:
   M /trunk/clients/jargon/src/api/edu/sdsc/grid/io/FileFactory.java
   M /trunk/clients/jargon/src/api/edu/sdsc/grid/io/GeneralFileSystem.java
   M /trunk/clients/jargon/src/api/edu/sdsc/grid/io/RemoteAccount.java
   M /trunk/clients/jargon/src/api/edu/sdsc/grid/io/RemoteFile.java
   M /trunk/clients/jargon/src/api/edu/sdsc/grid/io/ftp/FTPFileSystem.java
   M /trunk/clients/jargon/src/api/edu/sdsc/grid/io/http/HTTPFileSystem.java
   M /trunk/clients/jargon/src/api/edu/sdsc/grid/io/irods/IRODSCommands.java
   M /trunk/clients/jargon/src/api/edu/sdsc/grid/io/irods/IRODSFile.java
   M /trunk/clients/jargon/src/api/edu/sdsc/grid/io/local/LocalFileSystem.java

stream and URI updates

------------------------------------------------------------------------
r3 | iktome@sdsc.edu | 2008-05-06 16:01:11 -0700 (Tue, 06 May 2008) | 2 lines
Changed paths:
   A /trunk/clients/jargon
   A /trunk/clients/jargon/LICENSE.txt
   A /trunk/clients/jargon/README.txt
   A /trunk/clients/jargon/README_GSI.txt
   A /trunk/clients/jargon/bin
   A /trunk/clients/jargon/bin/.cvsignore
   A /trunk/clients/jargon/bin/LICENSE.txt
   A /trunk/clients/jargon/build.xml
   A /trunk/clients/jargon/developer-only
   A /trunk/clients/jargon/developer-only/ExceptionConvertor.java
   A /trunk/clients/jargon/doc
   A /trunk/clients/jargon/doc/.cvsignore
   A /trunk/clients/jargon/lib
   A /trunk/clients/jargon/lib/.cvsignore
   A /trunk/clients/jargon/lib/MANIFEST.MF
   A /trunk/clients/jargon/src
   A /trunk/clients/jargon/src/api
   A /trunk/clients/jargon/src/api/edu
   A /trunk/clients/jargon/src/api/edu/sdsc
   A /trunk/clients/jargon/src/api/edu/sdsc/grid
   A /trunk/clients/jargon/src/api/edu/sdsc/grid/gui
   A /trunk/clients/jargon/src/api/edu/sdsc/grid/gui/ClausesPanel.java
   A /trunk/clients/jargon/src/api/edu/sdsc/grid/gui/ConditionChooser.java
   A /trunk/clients/jargon/src/api/edu/sdsc/grid/gui/JargonGui.java
   A /trunk/clients/jargon/src/api/edu/sdsc/grid/gui/JargonTab.java
   A /trunk/clients/jargon/src/api/edu/sdsc/grid/gui/JargonTree.java
   A /trunk/clients/jargon/src/api/edu/sdsc/grid/gui/JargonTreeCellEditor.java
   A /trunk/clients/jargon/src/api/edu/sdsc/grid/gui/JargonTreeCellRenderer.java
   A /trunk/clients/jargon/src/api/edu/sdsc/grid/gui/JargonTreeModel.java
   A /trunk/clients/jargon/src/api/edu/sdsc/grid/gui/MetaDataDisplay.java
   A /trunk/clients/jargon/src/api/edu/sdsc/grid/gui/MetaDataTableDisplay.java
   A /trunk/clients/jargon/src/api/edu/sdsc/grid/gui/QueryPanel.java
   A /trunk/clients/jargon/src/api/edu/sdsc/grid/gui/SelectionChooser.java
   A /trunk/clients/jargon/src/api/edu/sdsc/grid/gui/TransferStatusPanel.java
   A /trunk/clients/jargon/src/api/edu/sdsc/grid/io
   A /trunk/clients/jargon/src/api/edu/sdsc/grid/io/Base64.java
   A /trunk/clients/jargon/src/api/edu/sdsc/grid/io/BinaryDataFormat.java
   A /trunk/clients/jargon/src/api/edu/sdsc/grid/io/DirectoryMetaData.java
   A /trunk/clients/jargon/src/api/edu/sdsc/grid/io/DublinCoreMetaData.java
   A /trunk/clients/jargon/src/api/edu/sdsc/grid/io/FileFactory.java
   A /trunk/clients/jargon/src/api/edu/sdsc/grid/io/FileMetaData.java
   A /trunk/clients/jargon/src/api/edu/sdsc/grid/io/GeneralAccount.java
   A /trunk/clients/jargon/src/api/edu/sdsc/grid/io/GeneralFile.java
   A /trunk/clients/jargon/src/api/edu/sdsc/grid/io/GeneralFileInputStream.java
   A /trunk/clients/jargon/src/api/edu/sdsc/grid/io/GeneralFileOutputStream.java
   A /trunk/clients/jargon/src/api/edu/sdsc/grid/io/GeneralFileSystem.java
   A /trunk/clients/jargon/src/api/edu/sdsc/grid/io/GeneralMetaData.java
   A /trunk/clients/jargon/src/api/edu/sdsc/grid/io/GeneralRandomAccessFile.java
   A /trunk/clients/jargon/src/api/edu/sdsc/grid/io/Host.java
   A /trunk/clients/jargon/src/api/edu/sdsc/grid/io/MetaDataCondition.java
   A /trunk/clients/jargon/src/api/edu/sdsc/grid/io/MetaDataField.java
   A /trunk/clients/jargon/src/api/edu/sdsc/grid/io/MetaDataGroup.java
   A /trunk/clients/jargon/src/api/edu/sdsc/grid/io/MetaDataRecordList.java
   A /trunk/clients/jargon/src/api/edu/sdsc/grid/io/MetaDataSelect.java
   A /trunk/clients/jargon/src/api/edu/sdsc/grid/io/MetaDataSet.java
   A /trunk/clients/jargon/src/api/edu/sdsc/grid/io/MetaDataTable.java
   A /trunk/clients/jargon/src/api/edu/sdsc/grid/io/MetaDataValueEnum.java
   A /trunk/clients/jargon/src/api/edu/sdsc/grid/io/Protocol.java
   A /trunk/clients/jargon/src/api/edu/sdsc/grid/io/ProtocolCatalog.java
   A /trunk/clients/jargon/src/api/edu/sdsc/grid/io/RemoteAccount.java
   A /trunk/clients/jargon/src/api/edu/sdsc/grid/io/RemoteFile.java
   A /trunk/clients/jargon/src/api/edu/sdsc/grid/io/RemoteFileInputStream.java
   A /trunk/clients/jargon/src/api/edu/sdsc/grid/io/RemoteFileOutputStream.java
   A /trunk/clients/jargon/src/api/edu/sdsc/grid/io/RemoteFileSystem.java
   A /trunk/clients/jargon/src/api/edu/sdsc/grid/io/RemoteRandomAccessFile.java
   A /trunk/clients/jargon/src/api/edu/sdsc/grid/io/ResourceMetaData.java
   A /trunk/clients/jargon/src/api/edu/sdsc/grid/io/StandardMetaData.java
   A /trunk/clients/jargon/src/api/edu/sdsc/grid/io/UserMetaData.java
   A /trunk/clients/jargon/src/api/edu/sdsc/grid/io/ZoneMetaData.java
   A /trunk/clients/jargon/src/api/edu/sdsc/grid/io/doc-files
   A /trunk/clients/jargon/src/api/edu/sdsc/grid/io/doc-files/.do-not-prune
   A /trunk/clients/jargon/src/api/edu/sdsc/grid/io/ftp
   A /trunk/clients/jargon/src/api/edu/sdsc/grid/io/ftp/FTPAccount.java
   A /trunk/clients/jargon/src/api/edu/sdsc/grid/io/ftp/FTPFile.java
   A /trunk/clients/jargon/src/api/edu/sdsc/grid/io/ftp/FTPFileSystem.java
   A /trunk/clients/jargon/src/api/edu/sdsc/grid/io/http
   A /trunk/clients/jargon/src/api/edu/sdsc/grid/io/http/HTTPAccount.java
   A /trunk/clients/jargon/src/api/edu/sdsc/grid/io/http/HTTPFile.java
   A /trunk/clients/jargon/src/api/edu/sdsc/grid/io/http/HTTPFileInputStream.java
   A /trunk/clients/jargon/src/api/edu/sdsc/grid/io/http/HTTPFileOutputStream.java
   A /trunk/clients/jargon/src/api/edu/sdsc/grid/io/http/HTTPFileSystem.java
   A /trunk/clients/jargon/src/api/edu/sdsc/grid/io/http/HTTPRandomAccessFile.java
   A /trunk/clients/jargon/src/api/edu/sdsc/grid/io/irods
   A /trunk/clients/jargon/src/api/edu/sdsc/grid/io/irods/IRODSAccount.java
   A /trunk/clients/jargon/src/api/edu/sdsc/grid/io/irods/IRODSCommands.java
   A /trunk/clients/jargon/src/api/edu/sdsc/grid/io/irods/IRODSException.java
   A /trunk/clients/jargon/src/api/edu/sdsc/grid/io/irods/IRODSFile.java
   A /trunk/clients/jargon/src/api/edu/sdsc/grid/io/irods/IRODSFileInputStream.java
   A /trunk/clients/jargon/src/api/edu/sdsc/grid/io/irods/IRODSFileOutputStream.java
   A /trunk/clients/jargon/src/api/edu/sdsc/grid/io/irods/IRODSFileSystem.java
   A /trunk/clients/jargon/src/api/edu/sdsc/grid/io/irods/IRODSMetaDataRecordList.java
   A /trunk/clients/jargon/src/api/edu/sdsc/grid/io/irods/IRODSMetaDataSet.java
   A /trunk/clients/jargon/src/api/edu/sdsc/grid/io/irods/IRODSProtocol.java
   A /trunk/clients/jargon/src/api/edu/sdsc/grid/io/irods/IRODSRandomAccessFile.java
   A /trunk/clients/jargon/src/api/edu/sdsc/grid/io/local
   A /trunk/clients/jargon/src/api/edu/sdsc/grid/io/local/LocalAccount.java
   A /trunk/clients/jargon/src/api/edu/sdsc/grid/io/local/LocalFile.java
   A /trunk/clients/jargon/src/api/edu/sdsc/grid/io/local/LocalFileInputStream.java
   A /trunk/clients/jargon/src/api/edu/sdsc/grid/io/local/LocalFileOutputStream.java
   A /trunk/clients/jargon/src/api/edu/sdsc/grid/io/local/LocalFileSystem.java
   A /trunk/clients/jargon/src/api/edu/sdsc/grid/io/local/LocalMetaDataRecordList.java
   A /trunk/clients/jargon/src/api/edu/sdsc/grid/io/local/LocalRandomAccessFile.java
   A /trunk/clients/jargon/src/api/edu/sdsc/grid/io/srb
   A /trunk/clients/jargon/src/api/edu/sdsc/grid/io/srb/GSIAuth.java
   A /trunk/clients/jargon/src/api/edu/sdsc/grid/io/srb/SRBAccount.java
   A /trunk/clients/jargon/src/api/edu/sdsc/grid/io/srb/SRBCommands.java
   A /trunk/clients/jargon/src/api/edu/sdsc/grid/io/srb/SRBContainer.java
   A /trunk/clients/jargon/src/api/edu/sdsc/grid/io/srb/SRBException.java
   A /trunk/clients/jargon/src/api/edu/sdsc/grid/io/srb/SRBFile.java
   A /trunk/clients/jargon/src/api/edu/sdsc/grid/io/srb/SRBFileInputStream.java
   A /trunk/clients/jargon/src/api/edu/sdsc/grid/io/srb/SRBFileOutputStream.java
   A /trunk/clients/jargon/src/api/edu/sdsc/grid/io/srb/SRBFileSystem.java
   A /trunk/clients/jargon/src/api/edu/sdsc/grid/io/srb/SRBMetaDataCommands.java
   A /trunk/clients/jargon/src/api/edu/sdsc/grid/io/srb/SRBMetaDataRecordList.java
   A /trunk/clients/jargon/src/api/edu/sdsc/grid/io/srb/SRBMetaDataSet.java
   A /trunk/clients/jargon/src/api/edu/sdsc/grid/io/srb/SRBProtocol.java
   A /trunk/clients/jargon/src/api/edu/sdsc/grid/io/srb/SRBRandomAccessFile.java
   A /trunk/clients/jargon/src/api/edu/sdsc/grid/io/srb/SRBShadowFile.java
   A /trunk/clients/jargon/src/api/edu/sdsc/grid/io/srb/doc-files
   A /trunk/clients/jargon/src/api/edu/sdsc/grid/io/srb/doc-files/SRBProtocol.html
   A /trunk/clients/jargon/src/api/overview.html
   A /trunk/clients/jargon/src/test
   A /trunk/clients/jargon/src/test/AnalyzeVolumeSliceExample.java
   A /trunk/clients/jargon/src/test/CopyTest.java
   A /trunk/clients/jargon/src/test/FactoryTest.java
   A /trunk/clients/jargon/src/test/GSITest.java
   A /trunk/clients/jargon/src/test/MetaDataDelete.java
   A /trunk/clients/jargon/src/test/MetaDataTest.java
   A /trunk/clients/jargon/src/test/MoreTests.java
   A /trunk/clients/jargon/src/test/Scat.java
   A /trunk/clients/jargon/src/test/Sget.java
   A /trunk/clients/jargon/src/test/ShadowFileTest.java
   A /trunk/clients/jargon/src/test/Sls.java
   A /trunk/clients/jargon/src/test/Smkdir.java
   A /trunk/clients/jargon/src/test/Spcommand.java
   A /trunk/clients/jargon/src/test/Sput.java
   A /trunk/clients/jargon/src/test/Srm.java
   A /trunk/clients/jargon/src/test/Test.java
   A /trunk/clients/jargon/src/test/Utils.java

Initial conversion from CVS

------------------------------------------------------------------------
